<?xml version="1.0" encoding="UTF-8"?>
<testsuite xmlns:xsi="http://www.w3.org/2001/XMLSchema-instance" xsi:noNamespaceSchemaLocation="https://maven.apache.org/surefire/maven-surefire-plugin/xsd/surefire-test-report.xsd" version="3.0.2" name="com.sds2.service.PlaceServiceTest" time="2.94" tests="2" errors="0" skipped="0" failures="0">
  <properties>
[...]
</properties>
  <testcase name="searchNearbyTest" classname="com.sds2.service.PlaceServiceTest" time="0.425">
    <system-out><![CDATA[2025-12-15T11:26:58.414+01:00  INFO 4428 --- [           main] t.c.s.AnnotationConfigContextLoaderUtils : Could not detect default configuration classes for test class [com.sds2.service.PlaceServiceTest]: PlaceServiceTest does not declare any static, non-private, non-final, nested classes annotated with @Configuration.
2025-12-15T11:26:58.464+01:00  INFO 4428 --- [           main] .b.t.c.SpringBootTestContextBootstrapper : Found @SpringBootConfiguration com.sds2.Server for test class com.sds2.service.PlaceServiceTest
2025-12-15T11:26:58.474+01:00  INFO 4428 --- [           main] o.s.b.d.r.RestartApplicationListener     : Restart disabled due to context in which it is running

  .   ____          _            __ _ _
 /\\ / ___'_ __ _ _(_)_ __  __ _ \ \ \ \
( ( )\___ | '_ | '_| | '_ \/ _` | \ \ \ \
 \\/  ___)| |_)| | | | | || (_| |  ) ) ) )
  '  |____| .__|_| |_|_| |_\__, | / / / /
 =========|_|==============|___/=/_/_/_/

 :: Spring Boot ::                (v3.5.8)

2025-12-15T11:26:58.542+01:00  WARN 4428 --- [           main] ory$DuplicateJsonObjectContextCustomizer : 

Found multiple occurrences of org.json.JSONObject on the class path:

	jar:file:/C:/Users/gabri/.m2/repository/org/json/json/20231013/json-20231013.jar!/org/json/JSONObject.class
	jar:file:/C:/Users/gabri/.m2/repository/com/vaadin/external/google/android-json/0.0.20131108.vaadin1/android-json-0.0.20131108.vaadin1.jar!/org/json/JSONObject.class

You may wish to exclude one of them to ensure predictable runtime behavior

2025-12-15T11:26:58.546+01:00  INFO 4428 --- [           main] com.sds2.service.PlaceServiceTest        : Starting PlaceServiceTest using Java 23.0.1 with PID 4428 (started by gabri in C:\Projects\Java\erasmus-sds\sds2)
2025-12-15T11:26:58.546+01:00  INFO 4428 --- [           main] com.sds2.service.PlaceServiceTest        : The following 1 profile is active: "dev"
2025-12-15T11:26:59.264+01:00  INFO 4428 --- [           main] .s.d.r.c.RepositoryConfigurationDelegate : Bootstrapping Spring Data JPA repositories in DEFAULT mode.
2025-12-15T11:26:59.332+01:00  INFO 4428 --- [           main] .s.d.r.c.RepositoryConfigurationDelegate : Finished Spring Data repository scanning in 63 ms. Found 7 JPA repository interfaces.
2025-12-15T11:26:59.484+01:00  INFO 4428 --- [           main] o.hibernate.jpa.internal.util.LogHelper  : HHH000204: Processing PersistenceUnitInfo [name: default]
2025-12-15T11:26:59.491+01:00  INFO 4428 --- [           main] o.h.c.internal.RegionFactoryInitiator    : HHH000026: Second-level cache disabled
2025-12-15T11:26:59.510+01:00  INFO 4428 --- [           main] o.s.o.j.p.SpringPersistenceUnitInfo      : No LoadTimeWeaver setup: ignoring JPA class transformer
2025-12-15T11:26:59.513+01:00  INFO 4428 --- [           main] com.zaxxer.hikari.HikariDataSource       : HikariPool-5 - Starting...
2025-12-15T11:26:59.578+01:00  INFO 4428 --- [           main] com.zaxxer.hikari.pool.HikariPool        : HikariPool-5 - Added connection org.postgresql.jdbc.PgConnection@172d9bb2
2025-12-15T11:26:59.578+01:00  INFO 4428 --- [           main] com.zaxxer.hikari.HikariDataSource       : HikariPool-5 - Start completed.
2025-12-15T11:26:59.589+01:00  INFO 4428 --- [           main] org.hibernate.orm.connections.pooling    : HHH10001005: Database info:
	Database JDBC URL [Connecting through datasource 'HikariDataSource (HikariPool-5)']
	Database driver: undefined/unknown
	Database version: 18.0
	Autocommit mode: undefined/unknown
	Isolation level: undefined/unknown
	Minimum pool size: undefined/unknown
	Maximum pool size: undefined/unknown
2025-12-15T11:26:59.782+01:00  INFO 4428 --- [           main] o.h.m.i.EntityInstantiatorPojoStandard   : HHH000182: No default (no-argument) constructor for class: com.sds2.classes.routeclasses.Route (class must be instantiated by Interceptor)
2025-12-15T11:26:59.848+01:00  INFO 4428 --- [           main] o.h.e.t.j.p.i.JtaPlatformInitiator       : HHH000489: No JTA platform available (set 'hibernate.transaction.jta.platform' to enable JTA platform integration)
2025-12-15T11:26:59.976+01:00  INFO 4428 --- [           main] j.LocalContainerEntityManagerFactoryBean : Initialized JPA EntityManagerFactory for persistence unit 'default'
2025-12-15T11:27:00.355+01:00  WARN 4428 --- [           main] JpaBaseConfiguration$JpaWebConfiguration : spring.jpa.open-in-view is enabled by default. Therefore, database queries may be performed during view rendering. Explicitly configure spring.jpa.open-in-view to disable this warning
2025-12-15T11:27:00.373+01:00  INFO 4428 --- [           main] o.s.b.a.w.s.WelcomePageHandlerMapping    : Adding welcome page template: index
2025-12-15T11:27:00.747+01:00  INFO 4428 --- [           main] o.s.b.a.e.web.EndpointLinksResolver      : Exposing 1 endpoint beneath base path '/actuator'
2025-12-15T11:27:00.828+01:00  INFO 4428 --- [           main] com.sds2.service.PlaceServiceTest        : Started PlaceServiceTest in 2.355 seconds (process running for 29.975)
Hibernate: select p1_0.id,p1_0.address,p1_0.city,p1_0.country,p1_0.latitude,p1_0.longitude,p1_0.name,p1_0.price_range,p1_0.rating,p1_0.text,p1_0.type,p1_0.website_uri from place p1_0 where p1_0.city=? and p1_0.country=?
Hibernate: select pu1_0.place_id,pu1_0.photo_url from place_photos pu1_0 where pu1_0.place_id=?
Hibernate: select pu1_0.place_id,pu1_0.photo_url from place_photos pu1_0 where pu1_0.place_id=?
Hibernate: select pu1_0.place_id,pu1_0.photo_url from place_photos pu1_0 where pu1_0.place_id=?
Hibernate: select pu1_0.place_id,pu1_0.photo_url from place_photos pu1_0 where pu1_0.place_id=?
Hibernate: select pu1_0.place_id,pu1_0.photo_url from place_photos pu1_0 where pu1_0.place_id=?
Hibernate: select pu1_0.place_id,pu1_0.photo_url from place_photos pu1_0 where pu1_0.place_id=?
Hibernate: select pu1_0.place_id,pu1_0.photo_url from place_photos pu1_0 where pu1_0.place_id=?
Hibernate: select pu1_0.place_id,pu1_0.photo_url from place_photos pu1_0 where pu1_0.place_id=?
Hibernate: select pu1_0.place_id,pu1_0.photo_url from place_photos pu1_0 where pu1_0.place_id=?
Hibernate: select pu1_0.place_id,pu1_0.photo_url from place_photos pu1_0 where pu1_0.place_id=?
Hibernate: select pu1_0.place_id,pu1_0.photo_url from place_photos pu1_0 where pu1_0.place_id=?
Hibernate: select pu1_0.place_id,pu1_0.photo_url from place_photos pu1_0 where pu1_0.place_id=?
Hibernate: select pu1_0.place_id,pu1_0.photo_url from place_photos pu1_0 where pu1_0.place_id=?
Hibernate: select pu1_0.place_id,pu1_0.photo_url from place_photos pu1_0 where pu1_0.place_id=?
Hibernate: select pu1_0.place_id,pu1_0.photo_url from place_photos pu1_0 where pu1_0.place_id=?
Hibernate: select pu1_0.place_id,pu1_0.photo_url from place_photos pu1_0 where pu1_0.place_id=?
Hibernate: select pu1_0.place_id,pu1_0.photo_url from place_photos pu1_0 where pu1_0.place_id=?
Hibernate: select pu1_0.place_id,pu1_0.photo_url from place_photos pu1_0 where pu1_0.place_id=?
Hibernate: select pu1_0.place_id,pu1_0.photo_url from place_photos pu1_0 where pu1_0.place_id=?
Hibernate: select pu1_0.place_id,pu1_0.photo_url from place_photos pu1_0 where pu1_0.place_id=?
Hibernate: select pu1_0.place_id,pu1_0.photo_url from place_photos pu1_0 where pu1_0.place_id=?
[PlacesDTO[name=Avenida Poznań, photoUrl=[https://lh3.googleusercontent.com/places/ANXAkqEKY1Dj8PO9EiQe036OsYvGTWdGSsk31SuZivIoLqkD8JfJ8jW6A2cFVDanhD4VybAV5Rk7ZRjDUdwvFkX4g6gEvcZvngf_O0E=s4800-w400, https://lh3.googleusercontent.com/place-photos/AEkURDxK-RotucOYFjqnQ2YLzr8CInAP_8DnfBojEX6w_danoplLP40u4XoIBO78B3E1i5djbJRXvAnZIxMJlKywDriC0I3Pbo59VXC3EPAoQ5GCNjOtKjIStXgi2zGg4HlqyvYutZRyLWLjf2z7XA=s4800-w400, https://lh3.googleusercontent.com/place-photos/AEkURDze_HS2BwWOhhuOAHFKA1jhhTaCTMjJB-HgIg53pPhY5UbdqoVzBwrGAqdfeZg2WOyW7BGc93AzKZZeTppDyLdJdtxL8J98Nsnf56MmDP5iXcyOb88I3n541UTgKcysZKmzkxq4WXavtOMVUQ=s4800-w400], type=shopping_mall, address=Centrum handlowe, Stanisława Matyi 2, 61-586 Poznań, Poland, location=Location(latitude=52.4003253, longitude=16.9135941), rating=4.2, priceRange=null, websiteUri=https://avenidapoznan.com/], PlacesDTO[name=Stary Browar, photoUrl=[https://lh3.googleusercontent.com/places/ANXAkqHNguEEfwtxkemUx9y7G_AaAoxaQZOFJFR05L-fkVaLLwYE4Nf62B8MQSf6EoEIeYHsaG_EJgWMf09OMBNnDdqEjcoetCb19fM=s4800-w400, https://lh3.googleusercontent.com/place-photos/AEkURDzGoUVUBmta3P9ZQomPY1IdkI5XDwZ_UlS-QerH-JsIihucy1CnXZkUuV_7_M8LGtP9-gboCRESzGjPbfm4BA5L0e4dYgaX25UA4czCPyMWPVWktVyqR-kdwoE5cMcKteTYEMFnDei1H_dC0dlDEcBqBg=s4800-w400, https://lh3.googleusercontent.com/place-photos/AEkURDwtIVJL0-BzU6xDfqFwzJRjRuMNQvNrW7SIhLkUxyZcBP4TnyZwcmjpdP5RQlF0e8wy_uw12DiOBQeaX5_GuKHRCA3nEw5h2qhEZ0bfXAJQmNwAfY0K7UbEr_M7YmplISmhnEm0NjyPXZmtcA=s4800-w400], type=shopping_mall, address=Półwiejska 42, 61-888 Poznań, Poland, location=Location(latitude=52.401175099999996, longitude=16.9280301), rating=4.6, priceRange=null, websiteUri=https://starybrowar5050.com/], PlacesDTO[name=Dworzec Główny PKP Poznań, photoUrl=[https://lh3.googleusercontent.com/place-photos/AEkURDzBTi7nPe0NvvD6PmVpLpOgYYEyBpvAncwOLoYZs-6woNQkoP1fwK9k7YG-jPQYiXbp5-_6fotjfk7pUPQKFLRM0pYu4QgpMhUw1HCTmFmEja2cMqPw3_W_xlhzvBqHoykvNDREnPiTUyUNGMA6RWfguA=s4800-w400, https://lh3.googleusercontent.com/place-photos/AEkURDyLaJGtrNkvoU7_r2Qe2dfTqrvz1SlFZ94yrPu0qe7P4SadsY5VoDC5Ns19BfYOD5c-5q4lAbllmwh0mc02poNTqp6IEBSo84Q_5qPlpVBm37yX-_2Xz-rwic-Ym0kz5gaJY80Byh5z2GkKDsr3C0Z1hg=s4800-w400, https://lh3.googleusercontent.com/place-photos/AEkURDzQgohPxJ6eCRIvMUgnuSlRp1LdxWA_hOr6aSS_cmdDOxepW0xpRN7W4oac83Et5OLs1W7I3GNac2UvbHwfRY2g1UumP1wt-Q4otsgj2hDrk_oVz5USW7YZbCWdpZXOzW07J8gsxIJ5LfQUNA=s4800-w400], type=null, address=Dworcowa, 61-001 Poznań, Poland, location=Location(latitude=52.402723699999996, longitude=16.9129231), rating=3.9, priceRange=null, websiteUri=null], PlacesDTO[name=Poznań International Fair, photoUrl=[https://lh3.googleusercontent.com/places/ANXAkqGKLaD_2j0NKtwDtXCI_a658qrF7Ohyw4d6jExKpac0J5Zbv_1_42vobjqMYBn2Mhr_J4sAJv2rFTga6gQh2OaCtta3Mzfbaw0=s4800-w400, https://lh3.googleusercontent.com/place-photos/AEkURDxfCwN0hzMz7OjKoawA5gq4b_V64UQTGfim4CNIgbEVs3GRDb7H44Sn02BiQF6jjXVFX-ot5nreOhIEriHi6FYdlk9E2oU6DWLl-QDLbHonrU7DWnKyG7eiaXSjOirmOyOvwfjZgcGK3kYUz4_qXk7Z=s4800-w400, https://lh3.googleusercontent.com/place-photos/AEkURDyubE5eapLPDdafrhZZ9GBT-HtNfaOpRboSIpxo_SrrqAc2FvquK9N2nFvrR3sC0TeoJHxrV2yC84cRFkZFou1-AKcvCjEpIacH7a1NeL8mf_N4dxDzA80HB9B8CJpkomPHm5y-gYJUui-1bw=s4800-w400], type=event_venue, address=Głogowska 10, 60-734 Poznań, Poland, location=Location(latitude=52.4026128, longitude=16.9095109), rating=4.6, priceRange=null, websiteUri=http://www.mtp.pl/], PlacesDTO[name=Citadel Park, photoUrl=[https://lh3.googleusercontent.com/place-photos/AEkURDylFR9mQNaa8eI_wrxUnBetW07WgN_TxbX119loq2MRvDcsuR_TdrJGirkwrXPxuNoqiStVTwuwS7nHCW9maLmwhOA-_UWWtsZVVuBfiUD2n_B2Tu_2riz83Hr1ESxiVBymBs89kM-qOyNIGw=s4800-w400, https://lh3.googleusercontent.com/place-photos/AEkURDxnwxCvP_bH1S7Td9xxXlKnbmvWDETgA-n3FNkF2eBwRdwOgmM0kLdg2jKwNHRlTu_AiPessActQuxAJhy16AzW1DWWJOWeLKbsPvoJo5Sx9xUTseGPNVfROSZ5GbAUwM9z_UofNl-uAwpv4f4=s4800-w400, https://lh3.googleusercontent.com/place-photos/AEkURDyDfAXrD9zTPGxwEjeXrxPVFbZ_q-9vWQ-BW2ZlZ8ghLW7_hb0tQom_qY01O46kTEtCwGHZ_Msh4ZI0u14YfOX8X-LOUtoP5VP6FaeUcPq710JnuyPlJP8Bf0CIg1N4b_mfoQaC64dqbYJSXQ=s4800-w400], type=park, address=aleja Armii Poznań, 61-001 Poznań, Poland, location=Location(latitude=52.421674200000005, longitude=16.936194), rating=4.8, priceRange=null, websiteUri=http://www.poznan.pl/mim/turystyka/parki,poi,3338/park-cytadela,51946.html], PlacesDTO[name=The Imperial Castle in Poznań, photoUrl=[https://lh3.googleusercontent.com/place-photos/AEkURDwqMADT11Sfb5CcQJFbp0nbjDO5iA31OJZCSIrdbaA1_4HRydl31-oPiFMIlxqvV8SPMizLe3lHhCv3pUKYlHp6Tl7JoqgNsWFzZoP8RCx1JFkqH4yy8pB3fGHHHugf2Iy7nVzJPQfwZHi3TbI=s4800-w400, https://lh3.googleusercontent.com/place-photos/AEkURDwuh4zQQlTRGu8878P-kRr8v2-3muTffx_pfleb5OqyQTcg3CY1TD3uLHZvHYwrGQgWmkRep1Tlqf8o33BQK4g-RXV-RtxDZB8kQrK9BJ3qUrB_7uiGooR1B4-FEocqtno4pxLNmLpg8RcE4eU-XJpr=s4800-w400, https://lh3.googleusercontent.com/place-photos/AEkURDw0TOvVKiUOrWLtQVSB_Td2TzZzb51ZcG1JDW_yEy-XJ1rm5yEq_7S9yD3XsQ9pj1Sm1F552GKidccPg_F1lX4gUPBFU-cQ-VoAxSdDCIWcjY9m65FQvdWc_wd9cscLesGu82QhcZddN1HImW4=s4800-w400], type=cultural_center, address=Święty Marcin 80/82, 61-809 Poznań, Poland, location=Location(latitude=52.4080066, longitude=16.9184981), rating=4.6, priceRange=null, websiteUri=http://www.ckzamek.pl/], PlacesDTO[name=Palmiarnia Poznańska, photoUrl=[https://lh3.googleusercontent.com/places/ANXAkqGvdOloM4YVPtVGlMyftJCYesjw9t0A0aMVolnG4cRlHyTsvI4l_O2KFWFeYPUff9uwwBXgUbS_AngRQabz68b0VLyJZycVQ74=s4800-w400, https://lh3.googleusercontent.com/place-photos/AEkURDyyKE_-qeP_V8NO-jyXf-QEDpCfEIMxseEvgeeh4lQgWoHh5NKE7FVdaWgHHqYYCm9gTvv-lc2LxuIQMMCsmX4dZCI1b_D6KuzB3e1gMjmR2nyOlakYMRDGWTwiV_oXMGgZ0ayx3_rtjk8gsw=s4800-w400, https://lh3.googleusercontent.com/place-photos/AEkURDwXralC65sQwPgbkn-WBNcEkK-x-JETtdzArQsHmlNktBgKWMnXXu7QwUhmFoCOdKafH1UUA4bwaoBe8UeNX4GfCiF9uxibn4pUFwz6WDNvDR--jlMKTwlPJJxkY7i7HsbB6lULTKwqU7qHH9g=s4800-w400], type=botanical_garden, address=Matejki 18, 60-767 Poznań, Poland, location=Location(latitude=52.4020176, longitude=16.9018524), rating=4.7, priceRange=null, websiteUri=http://www.palmiarnia.poznan.pl/], PlacesDTO[name=Galeria MM, photoUrl=[https://lh3.googleusercontent.com/place-photos/AEkURDwD0505vaOhjJhG4bD91eoZ6eoN2RnigXTmNf70m414pXpucRIoqwP7_bL298UJzk6aIQazqWQFg6ffX1J1t6Kw_38zyiYJyAJVqqdE62UPSOX-tm7ghq8L0PsHaHp1WEnXwaDtiTTRmi7Nyg=s4800-w400, https://lh3.googleusercontent.com/place-photos/AEkURDxqhH0EGNjkGEgpAGvgc3lsXWPt1hx0yPAGmHDDZ6lMSI_taecPFNtlE19jF2lw6nPKfrwEYbQo4KSJAhWawHNLCk9R8wBsLmPtQtmd5sufzL3D0OnSxwpQ_BXGlzs45WHvaombOc0F1hUYOm8=s4800-w400, https://lh3.googleusercontent.com/place-photos/AEkURDzSbDJUj5d5bOAAfIMrbFiwnniPnRQsdsXnHVNTbJ_-E2U2GgmEiSIMQbVp-UIWMyZWWIa0WtSmtV10Cf3Km52bq3Z_PbEqvVJrh7UN_p8jMxUKMmd9ZLGMl38Fhogj5sDkL_YkFWIUUtbrwlA=s4800-w400], type=shopping_mall, address=Święty Marcin 24, 61-805 Poznań, Poland, location=Location(latitude=52.4061635, longitude=16.9277701), rating=3.9, priceRange=null, websiteUri=http://www.galeriamm.poznan.pl/], PlacesDTO[name=Old Zoo, photoUrl=[https://lh3.googleusercontent.com/places/ANXAkqGZb_MraScGS8fgK1UqBHgM8Jl6m_25scLlkqQ-g9zAdXbexe5l63hn2whKg0BL6781-gyfPdiMZjCGRSnSMdYAvocp9RLbnx0=s4800-w400, https://lh3.googleusercontent.com/place-photos/AEkURDzAmh9VJF_Bh2FiZynu9vtorjn834mUbk0Pcb-eae_JpfV9AP2rcRp2eE77U_XL-fbDruRaMg2jCk8ex17qOcmszgZKnwRc6gfZO8ndLmzxvySUWwi46MkysC8R8Y6xoY0vd2lOsT8OiUUlNQ=s4800-w400, https://lh3.googleusercontent.com/place-photos/AEkURDz-6eV3euFMIOpwTslKVE2reJS3C7W3MyowtMlEwYMF1DCshOsW_0ZUaylRfVb39I0_wmpotkmA_SeDAS4AKIhByoCnMFq1uZmdE_pBgnJ68jkwGvi_-tV6LAzN4pDLsR--YlxFC8rOyBdJU-ofX01U5w=s4800-w400], type=zoo, address=Zwierzyniecka 19, 60-814 Poznań, Poland, location=Location(latitude=52.4084721, longitude=16.9057746), rating=4.5, priceRange=null, websiteUri=http://www.zoo.poznan.pl/], PlacesDTO[name=Novotel Poznań Centrum, photoUrl=[https://lh3.googleusercontent.com/places/ANXAkqEEGWgi_HEfYtu48rZl7T-EDj5g6gZc7RYef8SOgB1XGaaY2IqvO8iu7NJ9FHBZwoJ6DuyUuy8VO09h4bZfhZtCVnZgGiFdTqo=s4800-w400, https://lh3.googleusercontent.com/places/ANXAkqE8jUD5xSeGaor8ucCMg5KU87l9dkCPN8cgA8rZcdWMK7veDg62eeHw_HZaKY3GCRUDpoJGo0hQ-SeC2NYeVYbLufw_53StfpM=s4800-w400, https://lh3.googleusercontent.com/places/ANXAkqHPg5axfg3mCmTYlSQkmFPkyNg5JDt4dWXSnaXnhlRYTEl3SDQyMGDvd7jIxcHFFNKnAtW2Qh9wsXjUQjraULN7WMRBTRbBeAo=s4800-w400], type=hotel, address=pl. Władysława Andersa 1, 61-894 Poznań, Poland, location=Location(latitude=52.4013839, longitude=16.9240052), rating=4.5, priceRange=null, websiteUri=https://all.accor.com/lien_externe.svlt?goto=fiche_hotel&code_hotel=3376&merchantid=seo-maps-PL-3376&sourceid=aw-cen&utm_medium=seo%20maps&utm_source=google%20Maps&utm_campaign=seo%20maps], PlacesDTO[name=Paid underground parking, photoUrl=[https://lh3.googleusercontent.com/place-photos/AEkURDwaTmw_VFG3VvVcUdHBlrlt2NMUK3BFNtSQQBIVPCTm9AXCz_yWbvIKqRm43IIZIGIenFhDubD6ctkSMlmAA6LRiIZiQT85dq1wjT4N_uw-Kh41bYgU4z6eHD8JHZ2U0S_8V_1w2Upri9TN4Yk=s4800-w400, https://lh3.googleusercontent.com/place-photos/AEkURDwgj49Q7GU6HoBbcXyvQo8u1YaLlYtF8lTPFyirhQm8nuqJGVSrtrY7m5uelkW5hR6wZnv2x0v8VRgqknnctcYG05Pef0Dx-hfKmMaEAsj-3q0pJaprYFNUu1Hrm1zStQt07Hu95hZG_obJjxg=s4800-w400, https://lh3.googleusercontent.com/place-photos/AEkURDzvmaEG8_POmayrsZN6_zXPDYD65gB5sHUbNDq2HZhEFyt3r33TBbjWmP0KfZS6agm5CUjkezh3xlEa1z1mh1qpJNo4HkHn1cnHAzQoG9uh7JNeJvRTrvxASYJn4b4guFUqSpVvw6q8Yqwc=s4800-w400], type=parking, address=plac Wolności 20, 61-731 Poznań, Poland, location=Location(latitude=52.408361, longitude=16.9277503), rating=4.4, priceRange=null, websiteUri=https://www.interparking.pl/pl/parkingi/poznan/plac-wolnosci/], PlacesDTO[name=Poznań Cathedral, photoUrl=[https://lh3.googleusercontent.com/place-photos/AEkURDzpNAPJRcZ7WF3yJSRGvfDJ0oH910EodYuh5HXjQ_ZbMo0B_qAWBmPZmfBiH52xTeNQlh5PvaaaLyK28qdfPkc2jLHv7kzN6GQ3m2hAuPqgGP0EgQpTe_mr-jc5jBRj0JWJaPycHta_z56Wumk=s4800-w400, https://lh3.googleusercontent.com/place-photos/AEkURDzv3d7-n9eKuwb2EIMErzUj284rsabB3Jsb2QKuxYzkBFedgjjTIkqeqI5B9IlkzA1D3yOPJntFS_OtJz72Yn_yGGegEfE1iqhAbSMDEC-TnQsUEbxXZo3iW656d2G3DwwlczbRoGTVbeEEI2IqgMfMTg=s4800-w400, https://lh3.googleusercontent.com/place-photos/AEkURDyqxzmGljj2yDITxJX9VyeNuPZ7Cumglla2oCg3oXk08ZsKV7C7x3NWq3PV_VQIX7m5ruYWsdx4YSGAxQQAUliaz0RL4r8z2W-_YAw4JtjfWfahv1Q3tslT9s1dL0V0IoySbrNhR_qO-FeKww=s4800-w400], type=church, address=Ostrów Tumski 17, 61-001 Poznań, Poland, location=Location(latitude=52.411542, longitude=16.9487706), rating=4.7, priceRange=null, websiteUri=https://www.katedra.archpoznan.pl/], PlacesDTO[name=Wielkopolskie Centrum Onkologii, photoUrl=[https://lh3.googleusercontent.com/places/ANXAkqFRaMtGnNxyamH_z3_sRMcMnX_qDbT95OS0rKHWWa3YHkgwirotiLmVbuDONoDC83bhQ4PvOGZx9w5tOizTyI-IzOuVd81od84=s4800-w400, https://lh3.googleusercontent.com/place-photos/AEkURDzyF8QmOmRfFX-2-HbZdktoCj_0TPNOxJQpNIEjsEbr8tjPbk9x0PIWAbG-ChtsPvB8_gdY6vMi4BIghsErvqi4We8sW3ks0py58sE8qcKHqvN8hNESGvR9rU7qVFTuQzExHVBC0FWOWpaJxA=s4800-w400, https://lh3.googleusercontent.com/place-photos/AEkURDz6MUDWmzb78WeQnHUl4SfNeQpXKkffX9r0vkweWFSo09UBSgT-K2d5zvqld9bLPeUVbi8pDrlGGiS44ygIUy8f6YTf8ts7wpjLfhmxy0dW_bZNXrOTsqy-Is81t14ykqy6ONP1C2IP8P7I_lcMPOp2uA=s4800-w400], type=hospital, address=Garbary 15, 61-866 Poznań, Poland, location=Location(latitude=52.402010499999996, longitude=16.9359234), rating=3.8, priceRange=null, websiteUri=http://www.wco.pl/], PlacesDTO[name=Kupiec Poznański, photoUrl=[https://lh3.googleusercontent.com/place-photos/AEkURDwb7VnFtIrK7KnUKuHyoWzrn8T1fyF6MrnHS9x2SghOcQsiS9pButHdlNT2v2-t9Lg_Fox1TPr-xck33ODtoVR0SIOi3eEc80PPrTxdZ00eLrKXLDPtATo142k-H0hntaYvHc1TQJaVYQ-i7g=s4800-w400, https://lh3.googleusercontent.com/place-photos/AEkURDyIQUTd8Fkgd3485E1AFUkrN3MoLzf8yJKqdnyh9GMkLwQWT2qwX6UJTYUB7GtEDjsF5iDJI3dM6BCX8zV9eTj12m-CJtQvCAgmPyqupJ7y1jVm8FsmdUw5eaeWYQeeuUcyBawxBHcAiIpt=s4800-w400, https://lh3.googleusercontent.com/place-photos/AEkURDziyCe1U5oYGOotlz5LHspkXb7Vx75oaaRDjZYyvl19_D4WPZLYYnplIK78_9KnEZCB9yit4ForrjJ9YcCyEMXkCQMYH7lYjcQRJzx-gLf6LPuVWK0w3Q0yq6olbwz5nieBIdDJ38q-f7JDrw=s4800-w400], type=shopping_mall, address=plac Wiosny Ludów 2, 61-831 Poznań, Poland, location=Location(latitude=52.405528399999994, longitude=16.9316195), rating=4.1, priceRange=null, websiteUri=http://www.kupiecpoznanski.pl/], PlacesDTO[name=Hotel Mercure Poznań Centrum, photoUrl=[https://lh3.googleusercontent.com/places/ANXAkqHp82Ld_rL6X1BbqUBHmTetftgwQH6vpWrKtmmKr16MnHNnv9433dq9Fnb3rJWDV_DxlaB-H-ighQ29D-EqKiVOvTIpFpDCuko=s4800-w400, https://lh3.googleusercontent.com/places/ANXAkqFYsAKOB896X-IzsMX8vtWJ-6AdSDGThoPDlWI0G2PiyiHf9VKahCkI-lWMsExpEfwQKkF8siIkEQGacxTbxcMCfI5axkXVtdg=s4800-w400, https://lh3.googleusercontent.com/places/ANXAkqGHspcAxAc7w8160Okw1paUI1usY2ORHnAucfX_XJsAbdJhCnqZQGOlRyY7WtoGAaj2mA5Oj-9RgfFozVQ39Lw4Mnn9apN9vzM=s4800-w400], type=hotel, address=Roosevelta 20, 60-829 Poznań, Poland, location=Location(latitude=52.408498599999994, longitude=16.911609), rating=4.6, priceRange=null, websiteUri=https://all.accor.com/lien_externe.svlt?goto=fiche_hotel&code_hotel=3393&merchantid=seo-maps-PL-3393&sourceid=aw-cen&utm_medium=seo%20maps&utm_source=google%20Maps&utm_campaign=seo%20maps], PlacesDTO[name=Sąd Okręgowy, photoUrl=[https://lh3.googleusercontent.com/places/ANXAkqGfGZUSur-RwYi-rXBYvKZ0wxsRLXHpj1lqsEPDsb-kLG-WgRTtRFcDkuMozEzmqVwH8KkHZ_RxOukR7y2OZzVa_36-6-2RyVA=s4800-w400, https://lh3.googleusercontent.com/place-photos/AEkURDzuowq0AOxnwUhWEOL7pO71VWou3zIHGZPnTpOptB72kIXD3UTzkThMWpGlp5u8jGdEc7k0OPeHnEG6NURlDo6TkGh-abTNZW6UAmgrz88KDyoufSbsXbO5tWmbl9uEgkfR0WAKB-VrRTwv=s4800-w400, https://lh3.googleusercontent.com/place-photos/AEkURDymFJHZdJbLwh9mDNuCjGCH_uSQo6X2KxMsDILgyjAc9D02p-1X1ph3M3AuEO9aAXYD7ZohTeJ4t4Mu7OpF3qhL65sRJuM1pf-3RWf2PWakmf_Q2XM3irjm_ZB2dqKUD77a1EKbmMwtOYzbyw=s4800-w400], type=consultant, address=Stanisława Hejmowskiego 2, 61-736 Poznań, Poland, location=Location(latitude=52.4138096, longitude=16.9283224), rating=4.2, priceRange=null, websiteUri=http://www.poznan.so.gov.pl/], PlacesDTO[name=Poznań University of Economics and Business, photoUrl=[https://lh3.googleusercontent.com/place-photos/AEkURDzy6DXDczcZ2gPabl2uhB05RdHEbcriH0B4r6FwxvaXWQqjAR9f2tOFjp5JTj9UgBykdur43Vl06uXdmK7SC8_K61uY5_WN5ACvhvbFPe5rtXuXTo434Y1FlNcuMSWY948GP3nhCsm1d3DsLg=s4800-w400, https://lh3.googleusercontent.com/place-photos/AEkURDzk0wpYiOKjZHwljEIs6n1v7CMiaWyBr8RPegTWR5OSzp3fJd4NnkslEDOjYMPXTGnLOM0E7PD_odnFmhUPKe4cWW_1SVOEjKH6wqw36eVvmotGJ47Zp9KitBXIDglOCqghS7NMKcYfNb6A8hU=s4800-w400, https://lh3.googleusercontent.com/place-photos/AEkURDxcJ8EPv4B_YWvfwJXuJF96I7gl5OHkMYtNrgC33WPsfg55Bt3Yoj7V22n5V1xdo0tfihEP06hvfUGTvAPQmfUVNqFonFnfu0kBNpqkIdZmc-3r5UcjSyEGkFTC9YER9_DqrCEiLNnOdab33L8=s4800-w400], type=university, address=Al. Niepodległości 10, 61-875 Poznań, Poland, location=Location(latitude=52.406123799999996, longitude=16.9185722), rating=4.2, priceRange=null, websiteUri=http://ue.poznan.pl/], PlacesDTO[name=MTP Parking, photoUrl=[https://lh3.googleusercontent.com/places/ANXAkqEFHe8Ad3F0C_qauSv2OCPp2iZvsvld7JO73eJISYkUuBdehtEmRWTdf4JeuBwXdwIPH3sj_wmcDqtlcjx_Ki3boy8x4V6gPk4=s4800-w400, https://lh3.googleusercontent.com/places/ANXAkqEc92xP10QZ8k3zC2_rp0PBLHgltjScRglgTZVYjcCnvfcgmusd_37TGUI0IkI6W3OS7kvp8FzrtfGAfTc35WjZAmcl-8-xk0M=s4800-w400, https://lh3.googleusercontent.com/places/ANXAkqE0HiHhQX8OvM_J3z66FEUf1haR0v8d97YN1aZ5vrgzzY0srHIcosLJN_EKFz99uzVpdkiB2wN3S7k_Y0l-9XrNpwAZ68OaRI8=s4800-w400], type=parking, address=Głogowska 12, 60-734 Poznań, Poland, location=Location(latitude=52.4029861, longitude=16.9100779), rating=4.3, priceRange=null, websiteUri=https://parkingpwk.pl/?utm_source=google&utm_medium=organic&utm_campaign=profil_firmy_google_maps], PlacesDTO[name=Lux Med, photoUrl=[https://lh3.googleusercontent.com/place-photos/AEkURDyCKQBdwDv61sTWGkxEdgkdMOYBUbR53ZG7mN9swki5OLhWqI6m6OsII7QRWBkH1x7dBpnrh1-dPCzEo4NmGH2ilzn4Go_SwByBMu3cGjhDUNfuL65xravzstigy9SBFgMXiCAzB6lVZ-OWA7w=s4800-w400, https://lh3.googleusercontent.com/place-photos/AEkURDwX0jp9jhtThEksN1gs4Ec4sjJpIaO_jOb6ged3bkT4qRfUK0xusGoEO8SFAHL7teGKrgtOi8MS8DBZAGhnqxKNQWOawCmKDasrykZTcZqgNsNqxaFuxTmcrE-TS_m-twM8uAyahjyBMjWgxA=s4800-w400, https://lh3.googleusercontent.com/place-photos/AEkURDxkwKV2m1V8gHeeK31LO2Vx1v4FmoNZL4QBpaN1tR6B9kFx8uT_T2uB6s2R0jwtcDcBMwBehBxCzw5z2LvHVj5Pcy4hzyzBug2QqrIbdp9jNyiSYGibSwvGGrHa7uwycCESgRkIWTJCmjej=s4800-w400], type=hospital, address=Roosevelta 18, 60-829 Poznań, Poland, location=Location(latitude=52.409495299999996, longitude=16.9119404), rating=3.9, priceRange=null, websiteUri=https://www.luxmed.pl/placowki/lux-med-ul-roosevelta-18-poznan?utm_source=gmb&utm_medium=link_witryna&utm_campaign=lx_witryna], PlacesDTO[name=Posnania, photoUrl=[https://lh3.googleusercontent.com/place-photos/AEkURDyhby-p3ss7fz5-4Qpdu4on6exhWNyMNP6wPtB-RJgaUpZCw4zYeo9X_AqKZ9SJ377WYhcgDa2JMZl25896XJQx1JauH6JV50kB68ay7ZWsk4DIejFTafA7ZIwUkm6NPylc1nl27vNAN2nu8w=s4800-w400, https://lh3.googleusercontent.com/place-photos/AEkURDwboOeMf2l8r7rJKiImoW_17Hqb0SxDk3dFIKMJmPkqQWqCw0h4mYBC--YF-NoeAYtvbpNANVHVI3E_caCa7UX3FNbOP55rJJ31ODaLyGpOhw_mQblyaW4N4mzC9K9o0Ug0ww87ZdOhDntQ3wtEqYjraA=s4800-w400, https://lh3.googleusercontent.com/place-photos/AEkURDybCP4nWgNeh_GCs1jtE-5_8kNLSFFxq47jU0YY6QrYc3nNAwBPBC7K7bPCIrJcBP000wVzWdg12Tfdp_gO58CoL55JdJ0vtksBIXrHOlNL5BUnpKgLyvr6GJ2Ai0CEz-bSQiLUX5c16iFg=s4800-w400], type=shopping_mall, address=Pleszewska 1, 61-136 Poznań, Poland, location=Location(latitude=52.3964356, longitude=16.9555068), rating=4.5, priceRange=null, websiteUri=https://posnania.eu/], PlacesDTO[name=Poznań Main Station, photoUrl=[https://lh3.googleusercontent.com/place-photos/AEkURDw_NijKr4tafeS0dT1KThYeI_uugiDw9J7hZlkglxHLrWQV-P57F3snvoRd1N6GnwmTo4wPUGFvSD21CzlJhJ-C63CAcsXdUvU3w7tCMzEa51TUT8sFg5VLXrLsy_k_96B2PmuH6gXPrJFglw=s4800-w400, https://lh3.googleusercontent.com/place-photos/AEkURDxxlYOW5N_2H-T5swNLQ8DmVVDTbkkCT4yPI8cWLwlje5-SAPNrYTL3f6vaGwAfgz7YDZQU_7ijiDQkhoW7p56uVl2ZT-ZZEGyztxhobCsq_voKgqI7jKIe_p69Dno1jLnRqHVNiPI98YAp=s4800-w400, https://lh3.googleusercontent.com/place-photos/AEkURDyE8ddefX0qZgG3JZR-kU5QWrCFGGuk0y39flk8w5oPFaq6Y4PrUXbzzLY0L4EL3u_rbXRv-pZBhXn_ikq-wB0m-KGhIe-9yWetP4EwKBJX-fZiJSHKPeZjkTNkdR0YNBDoyRCh40ZPt17Hag=s4800-w400], type=train_station, address=Dworcowa 2, 61-801 Poznań, Poland, location=Location(latitude=52.402749299999996, longitude=16.9124296), rating=3.6, priceRange=null, websiteUri=https://www.pkp.pl/pl/dworce/poznan-glowny-informacje-dla-podroznych]]
]]></system-out>
  </testcase>
  <testcase name="addOtherPlaces" classname="com.sds2.service.PlaceServiceTest" time="0.08">
    <system-out><![CDATA[Hibernate: select p1_0.id,p1_0.address,p1_0.city,p1_0.country,p1_0.latitude,p1_0.longitude,p1_0.name,p1_0.price_range,p1_0.rating,p1_0.text,p1_0.type,p1_0.website_uri from place p1_0 where p1_0.city=? and p1_0.country=?
Hibernate: select pu1_0.place_id,pu1_0.photo_url from place_photos pu1_0 where pu1_0.place_id=?
Hibernate: select pu1_0.place_id,pu1_0.photo_url from place_photos pu1_0 where pu1_0.place_id=?
Hibernate: select pu1_0.place_id,pu1_0.photo_url from place_photos pu1_0 where pu1_0.place_id=?
Hibernate: select pu1_0.place_id,pu1_0.photo_url from place_photos pu1_0 where pu1_0.place_id=?
Hibernate: select pu1_0.place_id,pu1_0.photo_url from place_photos pu1_0 where pu1_0.place_id=?
Hibernate: select pu1_0.place_id,pu1_0.photo_url from place_photos pu1_0 where pu1_0.place_id=?
Hibernate: select pu1_0.place_id,pu1_0.photo_url from place_photos pu1_0 where pu1_0.place_id=?
Hibernate: select pu1_0.place_id,pu1_0.photo_url from place_photos pu1_0 where pu1_0.place_id=?
Hibernate: select pu1_0.place_id,pu1_0.photo_url from place_photos pu1_0 where pu1_0.place_id=?
Hibernate: select pu1_0.place_id,pu1_0.photo_url from place_photos pu1_0 where pu1_0.place_id=?
Hibernate: select pu1_0.place_id,pu1_0.photo_url from place_photos pu1_0 where pu1_0.place_id=?
Hibernate: select pu1_0.place_id,pu1_0.photo_url from place_photos pu1_0 where pu1_0.place_id=?
Hibernate: select pu1_0.place_id,pu1_0.photo_url from place_photos pu1_0 where pu1_0.place_id=?
Hibernate: select pu1_0.place_id,pu1_0.photo_url from place_photos pu1_0 where pu1_0.place_id=?
Hibernate: select pu1_0.place_id,pu1_0.photo_url from place_photos pu1_0 where pu1_0.place_id=?
Hibernate: select pu1_0.place_id,pu1_0.photo_url from place_photos pu1_0 where pu1_0.place_id=?
Hibernate: select pu1_0.place_id,pu1_0.photo_url from place_photos pu1_0 where pu1_0.place_id=?
Hibernate: select pu1_0.place_id,pu1_0.photo_url from place_photos pu1_0 where pu1_0.place_id=?
Hibernate: select pu1_0.place_id,pu1_0.photo_url from place_photos pu1_0 where pu1_0.place_id=?
Hibernate: select pu1_0.place_id,pu1_0.photo_url from place_photos pu1_0 where pu1_0.place_id=?
[PlacesDTO[name=Vittorio Emanuele, photoUrl=[https://lh3.googleusercontent.com/place-photos/AEkURDzgoj_ekB16Al4VGX_KLTS4WmCJ4o3q1oKDNblMvmcbS7ZOYr3y3BJjp7s7Va4PiWoIqrRqMu-2ujgb_8iZsTtjRdVJuc71sQ6E9CstHO9QEV8bNPKEIvaU3oBr2yxEzyzeAFLuXKaa_fFxYlQ=s4800-w400, https://lh3.googleusercontent.com/place-photos/AEkURDzgVfTefJhvxnEzy1pKJau2k8tb7rB3Fize_j71TQAzu2Goj4bua72vWvHa4ea8g4mHOFh_qf0TYnNCVkYU9qs95k_mdSpgwY76tp0Lvn-9tge_6zQ_jdd-OdAZfW1PVV-4keEe2-PCD5CM3DY=s4800-w400, https://lh3.googleusercontent.com/place-photos/AEkURDzwhW3Pyq2OuVwWs432jYCCtEnwmT6BQ8_EKy0gD2cKSVuIHJwCOFSEz4FSvF8yq1K0EPJARbwpXXJPSIpiabgF1girf86aon7GDrJ5TOFDFFehQHLWSjro71ZO7Ghtcq1xlhMha-30N1Jz9Q=s4800-w400], type=subway_station, address=00185 Rome, Metropolitan City of Rome Capital, Italy, location=Location(latitude=41.8940366, longitude=12.503571299999999), rating=3.5, priceRange=null, websiteUri=null], PlacesDTO[name=Basilica of San Giovanni in Laterano, photoUrl=[https://lh3.googleusercontent.com/place-photos/AEkURDx_UDv-vBZmfMV90GSP0gR-jNyiqHK45bPioO7LaoVTY26rWfkk-QKeSfAlmSU2HpzJfOzS-OBCxASWXfbaInyaK-qlQ59pXBJC51NZg-idOZsXVT8kLtOTR3AoEPBIl_w3-BaaQqquhDh36no=s4800-w400, https://lh3.googleusercontent.com/place-photos/AEkURDzxzu01OmaZ6eKVY0y5gjdDEFPunUFgG25YroT1EP5nmpeypYeu8SurJr_LEyzzJi6XoUqnZ0FQg3yOusMQx6kIQE74njlsQTmcfMAyA8l6DSs3XjoX1wkF1DVSG-uphdVGehnBPX8Ur3XX6A=s4800-w400, https://lh3.googleusercontent.com/place-photos/AEkURDz0AmCaD5VfbMZKi9kMiUZNBCaSoelRr8JFwjFTj5DO_QfhvdH9V-gZO4Ns0XYVQu64YDNu3-0Sw8CY8fWxsHm20ADTwwwXdDgBtxenI7J4MlGZ26P0Bi7UeEyC4Vl8JvJGA6rtuDw7fuxTgiyibykG=s4800-w400], type=church, address=P.za. San Giovanni In Laterano, 00184 Roma RM, Italy, location=Location(latitude=41.8858811, longitude=12.505673), rating=4.8, priceRange=null, websiteUri=https://www.basilicasangiovanni.va/it.html], PlacesDTO[name=Termini Station Spacious Room, photoUrl=[https://lh3.googleusercontent.com/place-photos/AEkURDwmL0e5Nro9ik4rj-ww8I8kb5bDQ3hkTdw51GJL-clmX0FN_6G0UZxcpEVoGS68QgiwS5sQqLzHuVLHNgvcagzuN-v9WyNxrCZEfWT9OIPCOPQJ47zdErLtBp9-YypIcCU9IGwAsVouPWtE9g=s4800-w400, https://lh3.googleusercontent.com/place-photos/AEkURDxyeiDY3MO1hIQpcxCjniEitMVzor5ZdhpCPQ7ZLNiGm_nmXNHIvZxczlbUz4505iwA-g7-hslh31o0D5BaSvEYFxDqHnaj3tarqZishoiceRRsppEm4urgjhm0VNO8xMZ7e5GWf_0Ig8Pu9TtDbKtUiQ=s4800-w400, https://lh3.googleusercontent.com/place-photos/AEkURDxmzZWvpHTM8fEzgmKabL2thESFF7dLsqTvDyokDIKGNPjXGW5IWreipByMtUR3YaXIHSYCHBiYUtfnvCw28GWZFGsoh94LIbA856v-birB9scOV5bcsUbU4emcqMyTs5r-c9WPWbrjgeLYrGWTt3lUWA=s4800-w400], type=bed_and_breakfast, address=Via degli Equi, 60, 00185 Roma RM, Italy, location=Location(latitude=41.895671199999995, longitude=12.5135933), rating=4.3, priceRange=null, websiteUri=null], PlacesDTO[name=San Giovanni, photoUrl=[https://lh3.googleusercontent.com/place-photos/AEkURDyp6nL1uZDqBVfGD8A75ALxsSbXaDXVbbyBTEhh7QceCtX2yR7CfB6yxjMcDrhTMJVgcZRIgGpfbEwokF53D08l_p4jrC7nwzHIxIMqZLVj9aYzhKO7gbMg_xZag5yD_qBgXp380MKOnx-R=s4800-w400, https://lh3.googleusercontent.com/place-photos/AEkURDx-LRzoe7McZkk-thL-XCizEmIH4wtmotC09HlTLi9Wh2Ju7MxKhKDA6JVoxdIcqz22oAgvbCSr6xN4fqDrMJMs6iNqFH4xMsNFsr3oNQKR6neqq4qDvcRjL8f-gdsEP8w0LXbhHYgmm45Q3A=s4800-w400, https://lh3.googleusercontent.com/place-photos/AEkURDyjnawOpNcHVHWxisj0QrkgffVDmRsWf1RJcC5-_KhxXn61ZByhhqJtiM420wybx1Mtihv4EFwMR3vHomAQ5o1kkGHQWTk-1gYUMzzUUr4mi5EVRVSRQuZ08spe2t3TR16RHEZquoy_TqcwlQ=s4800-w400], type=subway_station, address=Via Giulio Romano, 23, 00196 Roma RM, Italy, location=Location(latitude=41.8852475, longitude=12.510258499999999), rating=4.2, priceRange=null, websiteUri=http://www.atac.roma.it/], PlacesDTO[name=Regoli Pasticceria, photoUrl=[https://lh3.googleusercontent.com/place-photos/AEkURDxLjFEZXLsQehTwurMmuN_nXFkWUsNJoM9ckdcc-Yl1nuTklT3iL4ROIVKcHx4KQiulaSLEOx8ZScfKADf8a5qQLaeMr9yY5u3-U9znJykBl_nSdUMYwozhEet-bPCga8PxZOshtuZkRv4hXBvSk7Fl=s4800-w400, https://lh3.googleusercontent.com/place-photos/AEkURDxkzYiMSnWafkco--wgQtuSL1kXzBLIJDCf7Gaa48kIr3i8NJvfkPTFifig-apZLNd7Vt6LA9UrkAanlpx7wZaqBBJL5M2c17aK95LrdjHdkdIwn50NHCiCXjK11HFb_G4CzBK-weJhiQk3LSmnPCuLRg=s4800-w400, https://lh3.googleusercontent.com/place-photos/AEkURDwLPxAj-dR8Q3VjTbkrIhU3Ys2n0VRQRQtYRwBIjxS6wnoWSGAyxjEDhDemtjgc0C9HCM95lAqeubMLeEcmIZQgDofDDCzqeJDE81TEGiJy740vo6ATa01fumYE_VpU8ujPg0EXqpgrvAS_=s4800-w400], type=bakery, address=Via dello Statuto, 60, 00185 Roma RM, Italy, location=Location(latitude=41.8948172, longitude=12.500949199999999), rating=4.5, priceRange=null, websiteUri=http://www.pasticceriaregoli.com/], PlacesDTO[name=Trattoria Vecchia Roma, photoUrl=[https://lh3.googleusercontent.com/places/ANXAkqFutbQ67bmhgw41IIIQR6m1bil3lAwsfO3lE3OY2jfYOShFsiLcI3Yv4H3F2MSeVvPZu83_-1uHR_EMNO5SltI4H5HdY3pnevs=s4800-w400, https://lh3.googleusercontent.com/place-photos/AEkURDzUsEKgy7ndoy84xvrtpNNuZfD_b8EQkPdHXa9dTIWu-yGuvUnweJ6clfCHk8_yWBRNWY4RIUt6c7lAZgBOYXjInjB0ysMKkpqV1XSAvbDaosgH6gFtoqX_jOy6T3w0A2lQgygb58UV4i1kpdv0aImdOQ=s4800-w400, https://lh3.googleusercontent.com/places/ANXAkqEX9k7lpUbmGtaIrkP_uQ_rAsM5VsW7emPdeq8ffOjfJeU-06FfUl0H_a4SZrHGdVAPW2neaqycsuPX4-A5St2-YwwfOsX9C-A=s4800-w400], type=italian_restaurant, address=Via Ferruccio, 12/b/c, 00185 Roma RM, Italy, location=Location(latitude=41.8936997, longitude=12.502435), rating=4.5, priceRange=com.sds2.classes.price.PriceRange@3fb6247d, websiteUri=null], PlacesDTO[name=Teatro Brancaccio, photoUrl=[https://lh3.googleusercontent.com/place-photos/AEkURDzhCmBuexQxgf8GGlI4YpOYr9FNYIjjMNtxy2gyu_BcZ0oNre6hm7YRXLHTNu16myY5WIh3osRosaW9BUKs9vcjRuoW9KpA_1yXz7mlgj13c1zdlYRfSpiE7mufM5N9vO9kX7bRbp0yfnnBpw=s4800-w400, https://lh3.googleusercontent.com/place-photos/AEkURDw6k4HguLZjbG65g_Iophwv67gF7rROOuzFDjn0gHeejWjuvDMAAtO8n1bd89wjHIxu7HAvY-CqN4YDwPiEQba3btCokxGq9KJIUypXTxcoV9783mOrACuVgxUF_sSqJyqDHyF-n-h7Disvbg=s4800-w400, https://lh3.googleusercontent.com/place-photos/AEkURDyW-bCG25zU0g2vVorosgexTHrwGGpKi9ndmnh7PYYJd_yUKwIXpUxTg65GDSC2B-wBtj5CPGrtGoQTsl1o0wfrojv9dJHtrz9HPFSLPxdzJTWR3cO56l0nY8tavJjYhsbyqY4hFQJqsmMbmJ0=s4800-w400], type=performing_arts_theater, address=Via Merulana, 244, 00185 Roma RM, Italy, location=Location(latitude=41.893591199999996, longitude=12.500825899999999), rating=4.5, priceRange=null, websiteUri=http://www.teatrobrancaccio.it/], PlacesDTO[name=Basilica di Santa Croce in Gerusalemme, photoUrl=[https://lh3.googleusercontent.com/place-photos/AEkURDwE_Zy7TXnPalPDYno4EU47dwpjN4q_2FABaxpiHq9QofXqc1ciPruAmQ_0DVM_F_lZn1Ni_fRZgrn2hkwD0I0d-p4sOXOJjiE4DLSSq_Ghsk91Vj4XLC2gbXktsBQ7wzKpWc07hYsCTS3q-ac=s4800-w400, https://lh3.googleusercontent.com/place-photos/AEkURDxRS2c5KmsDcwPY-8AUlU6YaxGHjPANZWCnNAJrQ9abAj6PQAJ6hkP9Ud8ILORWDJnHCsU99qZZuCkqe9WQNEM8KmgqECDnz1Co_K9r1OPzKxv-DZGfe0dJU3tasQ1qL7qB3dSQEBmlwn4zxGfe7B1x6w=s4800-w400, https://lh3.googleusercontent.com/place-photos/AEkURDzQgUquc0uLVtakVjABB8fraMh_bBq_WRTLVqmMOlmZTC7Sf5Qd3kwVzKBLbPdDnEVmb4N-EpQlvqSZstSoJ_ujQGN66Hbqz8RE8s1gKR79r9YAMPgSyXMySosZMgyB9e9PGyVf37BrbzXJqQ=s4800-w400], type=church, address=Piazza di S. Croce in Gerusalemme, 10, 00185 Roma RM, Italy, location=Location(latitude=41.8883893, longitude=12.515542), rating=4.7, priceRange=null, websiteUri=http://www.santacroceroma.it/], PlacesDTO[name=Gelateria Fassi - Gelato artigianale a Roma dal 1880, photoUrl=[https://lh3.googleusercontent.com/place-photos/AEkURDyexLAwPwgUJpoQoAopFabIEvoUTAbNRY4EFgQrTXDdmPJwvsFMmYg1gFt-Pf8hEQRWx_2pBXlnBDIaKCBgaxQ-uKgIzxvwFe94Fvs0pT10e5wPdDzgXy71ymqt7m86qBPfmWM4WXKZlTnCQmTtfL7iBg=s4800-w400, https://lh3.googleusercontent.com/place-photos/AEkURDzISwNSl13RNz_OyfOu-Ajvqha5Lu06NUBQzmhacXjMUk8DatTDnGUrDZYLXxw7GjIPQXElkbRXurNOdIK1rBmg_keYP0B87kdXFNo4X6FsEy_9XPQ-rVUFCWKoxF-cUUmK9Gs35KaF21T_1rPQ8z5nSg=s4800-w400, https://lh3.googleusercontent.com/places/ANXAkqGlXyrghDXxSzHTEGJo1854FWWqks7qVzZMMA8KWVY7OTsGhYHJLFqOQCMIzEJJRN7mnqyZQHW_FqVb2OOKBBFpFUB_2dMhX1U=s4800-w400], type=ice_cream_shop, address=Via Principe Eugenio, 65-67, 00185 Roma RM, Italy, location=Location(latitude=41.8935957, longitude=12.5080897), rating=4.6, priceRange=null, websiteUri=http://www.gelateriafassi.com/], PlacesDTO[name=Vittorio Emanuele II Square, photoUrl=[https://lh3.googleusercontent.com/place-photos/AEkURDwwJTLrnaF1eAsm4K05zGAEUUfO7w6s9_w8XLPZGZxyqemzV4FRNnw1KpLjHsRzi8g028_UN6ZVtoVFWRQPV_UcQUlplYxFhmqJ4wCse46N9NP6Mj1fxoWKJV2wyoiU-ADS35fo8mfxUc-v7O4=s4800-w400, https://lh3.googleusercontent.com/place-photos/AEkURDxcbvq-RKzZ2-UBi4kM4kkwppTNkbesqg0tJ-_5VIibXqnqOguizep42uvPlnZWmX_0OyKgYQaViEqmqi94S9eOVIHyM-nrH-iCCopAQbXzFB6iWEncj9TCIjNrArazHTGL_HZH1NOsMvsBPw8=s4800-w400, https://lh3.googleusercontent.com/place-photos/AEkURDzAjvbfJFo116lif0_uyKOTEto1Zo96hNXAQ0jyiHU24v5Ruc7u29805nGPY4DGgVBCfDBa4cysDVvg-e2ObxjrO1jsP5kxFifu2LRh2IDFDQzMnisvdtAcZhuxZmWhVeWkK-D2x8S3NAffAg=s4800-w400], type=park, address=P.za Vittorio Emanuele II, 1, 00185 Roma RM, Italy, location=Location(latitude=41.8945782, longitude=12.5043796), rating=4.2, priceRange=null, websiteUri=https://www.turismoroma.it/it/luoghi/piazza-vittorio-emanuele-ii], PlacesDTO[name=Pontificio Santuario della Scala Santa, photoUrl=[https://lh3.googleusercontent.com/place-photos/AEkURDz6JdDx_vWNg-nY7yvR5nZCThi1DPfQr3UIsvXhAYN6Mo62aSZI7ZxuIKZAtZoepR1e9eAVLC5HwWwWYZuilxdhxoPAJOE5KGd_C6YNGWD2yh5Fg7PlSNESqQQF764r_MoLtT492vMYcxCC9hM=s4800-w400, https://lh3.googleusercontent.com/place-photos/AEkURDysEGVZMYRtiuyUaxR-ce9V0Z3fRS3BDmm5CIuy5T2FzozMw7fJBIP-GxhCiUsNAOBBggvgsyY3KuMfc8oboTYrQvPHXQgzIwYRjUnIYXlyeNWwN-HOI9YwxA_cd5b1dmKaWJNiohyRWhh8J2o=s4800-w400, https://lh3.googleusercontent.com/place-photos/AEkURDzB2MKTgXnTACLLzafa5yaSSeykTc0ICLvbF13oLQvWr6GVrxCw5e8LXF-5KXs3BowxtQb13bNLQSBkaTDd0cMt9T8nQPg1V27XCnuVlCCp_7xfSLrO7S46JtqaWoQ2kjgUQpIKbaixq3C956c=s4800-w400], type=church, address=P.za di S. Giovanni in Laterano, 14, 00185 Roma RM, Italy, location=Location(latitude=41.887143699999996, longitude=12.5066274), rating=4.7, priceRange=null, websiteUri=https://www.scala-santa.com/], PlacesDTO[name=Porta Maggiore, photoUrl=[https://lh3.googleusercontent.com/place-photos/AEkURDxiWfOq1EjLmHqVOlod1437GxaattZxOpgm07EASXVkathQfpXlOHmtBSY9OxWdp8Icy6HwzJc__qsYi9ph9BXN6aPoz0l-0CWIWnXXYWVKtGq3yRBLOjbmxQ1YFOQi_1vdMsHVJauAbzhdpyE=s4800-w400, https://lh3.googleusercontent.com/place-photos/AEkURDzFnhY3mmzEG4sGIfZr5e5Es8lbrSZA4XcFsBbrvPqxM3TkC8j6Ko1_jxcWRBDOGBTDeG7VISEcMBGaiOfhvb_-6InLsRnpaLfwgV7xMnyaP1hUBAsjUGNwjju3bcYeYrnlK95M5oH8Vr430A=s4800-w400, https://lh3.googleusercontent.com/place-photos/AEkURDxJf8nTPnR1mVofdC_sAyaZAL0VLyOpGsskIfjif3PbbDCTyaqrc98qsuB2VmUkJiQn3xjb2CF3SqnEttHvMyrz-mN9ucAGOjJimGNEPdAyhTVzCWhWnKWacTdAaIghaW5f5O2D89wB-pMjzUc=s4800-w400], type=historical_place, address=Piazza di Porta Maggiore, 00182 Roma RM, Italy, location=Location(latitude=41.891409599999996, longitude=12.5151554), rating=4.2, priceRange=null, websiteUri=http://www.turismoroma.it/], PlacesDTO[name=The Social Hub Rome, photoUrl=[https://lh3.googleusercontent.com/places/ANXAkqGtEEeB-S3a1XAKQN5v2irC0TDW_MU-A1efoS9Ntt07YARGNsCwiwnExpsovtoXE7cPjTkCEWT7reGEuk-9aiXHfW914UjKy28=s4800-w400, https://lh3.googleusercontent.com/places/ANXAkqHVCQoygrkS8VZ2mHnvcp7ElR_Dn9odLt3LeDc01fHjnqogNQdqyelzGU4ziO97OzEkYjI2Fatt3RfIFua0Nr9-dBjs-moxUWk=s4800-w400, https://lh3.googleusercontent.com/places/ANXAkqHkBk5K9VUGDAycncsknf6vx9swgwThP_zE2N0arB0P3BM5kHyrCgWXghOwc34UujleWOz-oQhmYYFvfdxOMtjWJ-7bLPeaB0I=s4800-w400], type=hotel, address=Viale dello Scalo S. Lorenzo, 10, 00185 Roma RM, Italy, location=Location(latitude=41.8933708, longitude=12.517652499999999), rating=4.2, priceRange=null, websiteUri=https://www.thesocialhub.co/rome/?utm_source=googlemybusiness&utm_medium=organic&y_source=1_MTA5MTAyMzY2MS03MTUtbG9jYXRpb24ud2Vic2l0ZQ%3D%3D], PlacesDTO[name=Manzoni, photoUrl=[https://lh3.googleusercontent.com/place-photos/AEkURDxtOEvs7JzabZhWVZ1kcpdpMl8kw2DHojOLJrQyk8iFaMlcq-lNIWxYO1He4ghSkRnszrqWA3dCU_ZmU9SNPtkDGSxMcFUCyQs1WL40t3z-7qxfo1cdUGYZpEXkBofehEZxhlwjftSmMpYl=s4800-w400, https://lh3.googleusercontent.com/place-photos/AEkURDyJFdjQwgBw65S2T6QtbZLaaWtJJA1RfL83zqDgUJPheeDtK56U5ah4on0qNoZzsBfUYvHmJxhNg3GtXOj_f4y7NQg5ZHmYGA35hk2nZK0ARuBh22GXU3ahHNMkLXVVOfXXUAibbUFluUkKR74=s4800-w400, https://lh3.googleusercontent.com/place-photos/AEkURDwNRoSwod9bmKS9uJpNIb3vhXrfLnyUB7OCH8xtmsy9__UOV3IvERePWAbBZpwMdS2MbXpR-20aVR3yhD6FvvxBoLJ4ZNDPYvkEd-uYcxMDBF2OkFpdYTFtFAEbkOgsDnVjWq0b-8Q6VRYtgIT-DhEcKg=s4800-w400], type=subway_station, address=Viale Manzoni, 10, 00185 Roma RM, Italy, location=Location(latitude=41.8904158, longitude=12.5066738), rating=3.6, priceRange=null, websiteUri=https://www.atac.roma.it/], PlacesDTO[name=ZARA, photoUrl=[https://lh3.googleusercontent.com/place-photos/AEkURDxxjmheflGgxD4WcvZZbFEuo0ccjkHaZBnC9XkJ4CtZjWxuzCR-cZZNhMMkjRGsW-r88htUeqM3Vn64ZisyvKqOPbCCIHVVm_e40HKAJ5wZrm1h8qO9-7i996smB7Af19PAgsFQ-io2wrNKzA=s4800-w400, https://lh3.googleusercontent.com/place-photos/AEkURDyA_2_EZ5zK5UMbHQTSuo3IuHkLbnSeN3GONzMJqMPpBzYEUHwKMI1gHlWRi8onzbBQNjYcMrdaakxg8bCkcw3ZkYKbkf33czZTJ5PQDpAjRxTQdpkGNouHnQSz94Qg-rs7g1d46PWISdoaPQ=s4800-w400, https://lh3.googleusercontent.com/place-photos/AEkURDzddfU-96GlAe-00RxAgmG4UnFZAX9zQ-NEhr332oQX6gJMOhLUm2Qexkto9cY5Y23_Bs1dE24Y9lS-xVB82oyeRy9BC-YpovcCrVYyi_gHRYHGXfeFw7dIB7uq2rMLdX_kSR2XNVDCrCy-HvI=s4800-w400], type=clothing_store, address=Via Appia Nuova, 52-56, 00183 Roma RM, Italy, location=Location(latitude=41.8843253, longitude=12.510740199999999), rating=3.8, priceRange=null, websiteUri=https://www.zara.com/it/it/stores-locator/zara-roma-via-appia-s1265], PlacesDTO[name=Museo Storico della Fanteria, photoUrl=[https://lh3.googleusercontent.com/place-photos/AEkURDwEdxEHU7mW0uC6umC6uk7dD6BLxkXAb9npcT0Q9Dod00oKsfAvME299gQKL2ngrwo2wpe7NBBOcF793SefZsD4IVhZs15JBBc7ClVOJh4DxOfiIczMOYOUbzbTvfsWoSP3vBjoEVCai7G4=s4800-w400, https://lh3.googleusercontent.com/place-photos/AEkURDyf2xFQ_E6kSz3nx1X_zNQX61oKpDU9-uz7xM-y5CxXDwFWLn14BQFS1kn4kZJ_mA-spcEdT4-duwK3jqIXqCQokzuGNvAKLAuhzlOTiPHAKTVxH_fuCAIaMy9x1C8J_hiqZqE5B-pGDbaJ3w=s4800-w400, https://lh3.googleusercontent.com/place-photos/AEkURDwWin46yuiOYyIaKT3mUJhfUQswXQAEkqzIv_xbD-vhK8Q3otbMkrgF758mVZ-lbPU_LD1AqZtHDhaa73oVhCi20_u7RXPYD7_MMcvaOe7ChBoXHOJWKiEAy_SlLqUT7c05WdtLy7-Ado_mRHk=s4800-w400], type=museum, address=Piazza di S. Croce in Gerusalemme, 9, 00182 Roma RM, Italy, location=Location(latitude=41.8895379, longitude=12.515731700000002), rating=3.4, priceRange=null, websiteUri=http://www.esercito.difesa.it/storia/musei/Museo-Storico-della-Fanteria/Pagine/default.aspx], PlacesDTO[name=Nuovo Mercato Esquilino, photoUrl=[https://lh3.googleusercontent.com/place-photos/AEkURDyIFts_WLbeS_qx1ua3eUh-phOheQRdUGfiDdKGn7pmjSuYPQwi1564GXecxStygubpWUBDL3-tBaEhueXpyJElBDsZ5PCYiL3IFVeQqzzk3B94gy2nt--ObB39iU_lCU74zrU5NzITGFQSvvs=s4800-w400, https://lh3.googleusercontent.com/place-photos/AEkURDya0LDfbW08kBJAHrd0iQGyElzg9UcVUGrSZ-Py_896_JaXpg0wXy_x_d6iVLzkJ-wB2oRwTG7qsPEUbtM1mdChURwUqHPAtSBnGNIANxJCdRTVBqs67gZA93hOsBJUp_RgZID4pNJtu_RW24w=s4800-w400, https://lh3.googleusercontent.com/place-photos/AEkURDzEhutJbEMG3mOh6SdjV5TeTXuqFF-93322xAuzKRjDftK_gWO6eJ8hoLIBs99YBAjshW_suFPzcrg9GmQeJjJyOG0hroTJ0RVhbIH6wZ5Wq-6N_ASJzT16NtjCkY8aShHicSorbOBFHo7v7w=s4800-w400], type=market, address=Via Principe Amedeo, 184, 00185 Roma RM, Italy, location=Location(latitude=41.8956999, longitude=12.5069416), rating=4.2, priceRange=null, websiteUri=http://www.mercatidiroma.com/nuovo-mercato-esquilino-ex-piazza-vittorio/esquilino], PlacesDTO[name=Best Western Hotel President, photoUrl=[https://lh3.googleusercontent.com/places/ANXAkqESvRkuYgrEo-8_6dLjrrnGI0pC0O84TJ7Rtayx2LfjeZBi8hqdV1W2Zpg5mJL9EWjxpakdffC9lEWx8R37_sBzx9IFYue9_r4=s4800-w400, https://lh3.googleusercontent.com/places/ANXAkqFt53WMFnyQgH5xnYvO6hJZ16i9COYLZ0D8cWVisD6dHEqAoQznGg7o-ARUh1_S6mp6fCORur4WSuOsrGMmGN7fffdSOwcDdcI=s4800-w400, https://lh3.googleusercontent.com/places/ANXAkqHG02uBIi6-pIGzk5u7FFqSIrWx0gqX2wHQ0rkP6lduQqmgQ6jJDEaYrmzkKoSzIbR4gwJJkSGa2Qz26RlR1oKGfH9von5GrWs=s4800-w400], type=hotel, address=Via Emanuele Filiberto, 173, 00185 Roma RM, Italy, location=Location(latitude=41.889880999999995, longitude=12.5066375), rating=4.3, priceRange=null, websiteUri=http://www.hotelpresident.com/], PlacesDTO[name=Generator Rome, photoUrl=[https://lh3.googleusercontent.com/places/ANXAkqHv82gpqljIvPwYMreaVPqk43tmlKd-78sBsofD3QlP-CBEk3HT7hbO6cVC5qaB6czAu8tcWufJw6TSV1uqpPQpum_xSPFIKjQ=s4800-w400, https://lh3.googleusercontent.com/places/ANXAkqHU9rDtenIfowSgyuuzVXTAkax3p3J78XN01HEeJE9ahaFhL9tb-AVfSAY2jexE5USndCz37q0sRZA226_ZNkCNjnpWQuEoMrs=s4800-w400, https://lh3.googleusercontent.com/places/ANXAkqFeRZDQXQmbIObzNBmaK3Foq7i_X2LTGWqmMvfDpH4B_-7RHcbe0BWATdyywLaDYyiwp96RcKWhCiS1aVKOMm4jGN5Tbr7W95U=s4800-w400], type=hostel, address=Via Principe Amedeo, 251, 00185 Roma RM, Italy, location=Location(latitude=41.8954969, longitude=12.505676699999999), rating=3.9, priceRange=null, websiteUri=https://staygenerator.com/hostels/rome?utm_source=google-my-business&utm_medium=organic&utm_campaign=hostel-Rome], PlacesDTO[name=The Cross hotel, photoUrl=[https://lh3.googleusercontent.com/places/ANXAkqELjBzgpEuZsBLGq7ZEdOwhpzs5LxKPUvUhCe63Sj3qULlFqNoN1M0rqCvLqQ9T9VKTXZ-r1dH1BGxjkyuJ9Rg9BGNFpeVF1v8=s4800-w400, https://lh3.googleusercontent.com/places/ANXAkqFSQlft2XB-l7YtgcZpiqSsXBVLGlW6JxLpPJ1SVpIVlckrMpSwoSx55_4TeasU4yHq0vemCmYhbBS7BwcEhHgZD_VEy4kWBVg=s4800-w400, https://lh3.googleusercontent.com/places/ANXAkqG4mDsJLa6Egf3D9WgnXm8NZ076WWVN_f3NSqynIsZsjOI3OOkhRRMFcyM10dcI2mwNSyp5533OOc7-_IUd6LgrcCTxTYw9J-E=s4800-w400], type=hotel, address=V. Santa Croce in Gerusalemme, 40, 00185 Roma RM, Italy, location=Location(latitude=41.890686099999996, longitude=12.5118609), rating=4.1, priceRange=null, websiteUri=http://www.thecrosshotel.com/]]
]]></system-out>
  </testcase>
</testsuite>